0 info it worked if it ends with ok
1 verbose cli [ '/Users/sebs/.nvm/versions/node/v6.7.0/bin/node',
1 verbose cli   '/Users/sebs/.nvm/versions/node/v6.7.0/bin/npm',
1 verbose cli   'install',
1 verbose cli   '--global',
1 verbose cli   '--production',
1 verbose cli   'windows-build-tools' ]
2 info using npm@3.10.3
3 info using node@v6.7.0
4 silly loadCurrentTree Starting
5 silly install loadCurrentTree
6 silly install readGlobalPackageData
7 silly fetchPackageMetaData windows-build-tools
8 silly fetchNamedPackageData windows-build-tools
9 silly mapToRegistry name windows-build-tools
10 silly mapToRegistry using default registry
11 silly mapToRegistry registry https://registry.npmjs.org/
12 silly mapToRegistry data Result {
12 silly mapToRegistry   raw: 'windows-build-tools',
12 silly mapToRegistry   scope: null,
12 silly mapToRegistry   escapedName: 'windows-build-tools',
12 silly mapToRegistry   name: 'windows-build-tools',
12 silly mapToRegistry   rawSpec: '',
12 silly mapToRegistry   spec: 'latest',
12 silly mapToRegistry   type: 'tag' }
13 silly mapToRegistry uri https://registry.npmjs.org/windows-build-tools
14 verbose request uri https://registry.npmjs.org/windows-build-tools
15 verbose request no auth needed
16 info attempt registry request try #1 at 14:13:03
17 verbose request using bearer token for auth
18 verbose request id 32e005dd2f3bcee4
19 http request GET https://registry.npmjs.org/windows-build-tools
20 http 200 https://registry.npmjs.org/windows-build-tools
21 verbose headers { server: 'CouchDB/1.5.0 (Erlang OTP/R16B03)',
21 verbose headers   etag: '"93U3ZB4AQMQUDFOFL6RG5JT19"',
21 verbose headers   'content-type': 'application/json',
21 verbose headers   'content-encoding': 'gzip',
21 verbose headers   'cache-control': 'max-age=300',
21 verbose headers   'transfer-encoding': 'chunked',
21 verbose headers   'accept-ranges': 'bytes',
21 verbose headers   date: 'Wed, 05 Oct 2016 12:13:04 GMT',
21 verbose headers   via: '1.1 varnish',
21 verbose headers   connection: 'keep-alive',
21 verbose headers   'x-served-by': 'cache-fra1232-FRA',
21 verbose headers   'x-cache': 'MISS',
21 verbose headers   'x-cache-hits': '0',
21 verbose headers   'x-timer': 'S1475669583.961351,VS0,VE124',
21 verbose headers   vary: 'Accept-Encoding' }
22 silly get cb [ 200,
22 silly get   { server: 'CouchDB/1.5.0 (Erlang OTP/R16B03)',
22 silly get     etag: '"93U3ZB4AQMQUDFOFL6RG5JT19"',
22 silly get     'content-type': 'application/json',
22 silly get     'content-encoding': 'gzip',
22 silly get     'cache-control': 'max-age=300',
22 silly get     'transfer-encoding': 'chunked',
22 silly get     'accept-ranges': 'bytes',
22 silly get     date: 'Wed, 05 Oct 2016 12:13:04 GMT',
22 silly get     via: '1.1 varnish',
22 silly get     connection: 'keep-alive',
22 silly get     'x-served-by': 'cache-fra1232-FRA',
22 silly get     'x-cache': 'MISS',
22 silly get     'x-cache-hits': '0',
22 silly get     'x-timer': 'S1475669583.961351,VS0,VE124',
22 silly get     vary: 'Accept-Encoding' } ]
23 verbose get saving windows-build-tools to /Users/sebs/.npm/registry.npmjs.org/windows-build-tools/.cache.json
24 verbose correctMkdir /Users/sebs/.npm correctMkdir not in flight; initializing
25 silly install normalizeTree
26 silly loadCurrentTree Finishing
27 silly loadIdealTree Starting
28 silly install loadIdealTree
29 silly cloneCurrentTree Starting
30 silly install cloneCurrentTreeToIdealTree
31 silly cloneCurrentTree Finishing
32 silly loadShrinkwrap Starting
33 silly install loadShrinkwrap
34 silly loadShrinkwrap Finishing
35 silly loadAllDepsIntoIdealTree Starting
36 silly install loadAllDepsIntoIdealTree
37 silly rollbackFailedOptional Starting
38 silly rollbackFailedOptional Finishing
39 silly runTopLevelLifecycles Starting
40 silly runTopLevelLifecycles Finishing
41 silly install printInstalled
42 verbose stack Error: Unsupported platform for windows-build-tools@0.6.0: wanted {"name":"windows-build-tools","version":"0.6.0","description":"Install C++ Build Tools for Windows using npm","main":"lib/index.js","scripts":{"test":"standard \"src/*.js\" && npm run build && mocha","postinstall":"node ./lib/index.js","build":"babel src -d lib","prepublish":"npm run build","start":"npm run build && npm run postinstall"},"repository":{"type":"git","url":"git+https://github.com/felixrieseberg/windows-build-tools.git"},"os":["win32"],"keywords":["Windows","Build Tools","node-gyp","native","c++"],"engines":{"node":">=4.0.0"},"author":{"name":"Felix Rieseberg","email":"felix@felixrieseberg.com"},"license":"MIT","bugs":{"url":"https://github.com/felixrieseberg/windows-build-tools/issues"},"homepage":"https://github.com/felixrieseberg/windows-build-tools#readme","devDependencies":{"babel-cli":"^6.10.1","babel-preset-es2015":"^6.9.0","chai":"^3.5.0","chai-as-promised":"^5.3.0","mocha":"^2.5.3","mockery":"^1.7.0","rewire":"^2.5.1","standard":"^7.1.2"},"dependencies":{"chalk":"^1.1.3","cli-spinner":"^0.2.5","debug":"^2.2.0","fs-extra":"^0.30.0","nugget":"^2.0.0"},"gitHead":"2203f73903b4317eeb5f350a2f657f40ae907e13","_id":"windows-build-tools@0.6.0","_shasum":"b103a587c1f4acc1a302cf657dec93daad0fb402","_from":"windows-build-tools","_npmVersion":"3.10.3","_nodeVersion":"6.3.1","_npmUser":{"name":"felixrieseberg","email":"felix@felixrieseberg.com"},"dist":{"shasum":"b103a587c1f4acc1a302cf657dec93daad0fb402","tarball":"https://registry.npmjs.org/windows-build-tools/-/windows-build-tools-0.6.0.tgz"},"maintainers":[{"name":"felixrieseberg","email":"felix@felixrieseberg.com"}],"_npmOperationalInternal":{"host":"packages-16-east.internal.npmjs.com","tmp":"tmp/windows-build-tools-0.6.0.tgz_1472157746706_0.4915482001379132"},"directories":{},"_resolved":"https://registry.npmjs.org/windows-build-tools/-/windows-build-tools-0.6.0.tgz","_requested":{"raw":"windows-build-tools","scope":null,"escapedName":"windows-build-tools","name":"windows-build-tools","rawSpec":"","spec":"latest","type":"tag"},"_spec":"windows-build-tools","_where":"","_args":[[{"raw":"windows-build-tools","scope":null,"escapedName":"windows-build-tools","name":"windows-build-tools","rawSpec":"","spec":"latest","type":"tag"},""]],"readme":"ERROR: No README data found!"} (current: {"os":"darwin","cpu":"x64"})
42 verbose stack     at checkPlatform (/Users/sebs/.nvm/versions/node/v6.7.0/lib/node_modules/npm/node_modules/npm-install-checks/index.js:45:14)
42 verbose stack     at thenWarnEngineIssues (/Users/sebs/.nvm/versions/node/v6.7.0/lib/node_modules/npm/lib/install/validate-args.js:41:5)
42 verbose stack     at /Users/sebs/.nvm/versions/node/v6.7.0/lib/node_modules/npm/node_modules/iferr/index.js:13:50
42 verbose stack     at checkEngine (/Users/sebs/.nvm/versions/node/v6.7.0/lib/node_modules/npm/node_modules/npm-install-checks/index.js:24:10)
42 verbose stack     at module.exports.isInstallable (/Users/sebs/.nvm/versions/node/v6.7.0/lib/node_modules/npm/lib/install/validate-args.js:38:3)
42 verbose stack     at Array.<anonymous> (/Users/sebs/.nvm/versions/node/v6.7.0/lib/node_modules/npm/node_modules/slide/lib/bind-actor.js:15:8)
42 verbose stack     at LOOP (/Users/sebs/.nvm/versions/node/v6.7.0/lib/node_modules/npm/node_modules/slide/lib/chain.js:15:14)
42 verbose stack     at /Users/sebs/.nvm/versions/node/v6.7.0/lib/node_modules/npm/node_modules/slide/lib/chain.js:18:7
42 verbose stack     at checkSelf (/Users/sebs/.nvm/versions/node/v6.7.0/lib/node_modules/npm/lib/install/validate-args.js:46:72)
42 verbose stack     at Array.<anonymous> (/Users/sebs/.nvm/versions/node/v6.7.0/lib/node_modules/npm/node_modules/slide/lib/bind-actor.js:15:8)
43 verbose pkgid windows-build-tools@0.6.0
44 verbose cwd /Users/sebs/projects/customers/upchain/upchain-hackathon-starterpack
45 error Darwin 15.6.0
46 error argv "/Users/sebs/.nvm/versions/node/v6.7.0/bin/node" "/Users/sebs/.nvm/versions/node/v6.7.0/bin/npm" "install" "--global" "--production" "windows-build-tools"
47 error node v6.7.0
48 error npm  v3.10.3
49 error code EBADPLATFORM
50 error notsup Not compatible with your operating system or architecture: windows-build-tools@0.6.0
51 error notsup Valid OS:    win32
51 error notsup Valid Arch:  any
51 error notsup Actual OS:   darwin
51 error notsup Actual Arch: x64
52 verbose exit [ 1, true ]
